
2018-04-09 22:12:38...installerHook: Could not find custom/install/install_hooks.php
2018-04-09 22:12:46...installerHook: Could not find custom/install/install_hooks.php
2018-04-09 22:16:22...installerHook: Could not find custom/install/install_hooks.php
2018-04-09 22:16:25...installerHook: Could not find custom/install/install_hooks.php
2018-04-09 22:16:27...installerHook: Could not find custom/install/install_hooks.php
2018-04-09 22:16:31...Begin System Check Process *************
2018-04-09 22:16:31...XML Parsing Support Found
2018-04-09 22:16:31...MBString Support Found
2018-04-09 22:16:31...ZIP Support Found
2018-04-09 22:16:31.../custom directory and subdirectory check passed
2018-04-09 22:16:31...cache directory and subdirectory check passed
2018-04-09 22:16:33.../module  directory and subdirectory check passed
2018-04-09 22:16:33.../upload directory check passed
2018-04-09 22:16:33.../zip check passed
2018-04-09 22:16:33...PCRE version check passed
2018-04-09 22:16:33...installerHook: Could not find custom/install/install_hooks.php
2018-04-09 22:16:33...php.ini location found. C:\Xampp\php\php.ini
2018-04-09 22:16:33...Outputting HTML for System check
2018-04-09 22:16:33...No Errors were found *************
2018-04-09 22:16:36...installerHook: Could not find custom/install/install_hooks.php
2018-04-09 22:16:39...installerHook: Could not find custom/install/install_hooks.php
2018-04-09 22:16:41...installerHook: Could not find custom/install/install_hooks.php
2018-04-09 22:16:52...Begin DB Check Process *************
2018-04-09 22:16:52...testing with mysql:mysqli
2018-04-09 22:16:52...Basic form info is valid, continuing Process.
2018-04-09 22:16:52...Testing user account...
2018-04-09 22:16:52...Connection made using  host: localhost, usr: sugarcrm
2018-04-09 22:16:52...Testing priviliged account...
2018-04-09 22:16:52...Connection made using  host: localhost, usr: sugarcrm
2018-04-09 22:16:52...ERROR:: The provided Database Name already exists.  You can<br>1.  hit the back button and choose a new database name <br>2.  click next and continue but all existing tables on this database will be dropped.  <strong>This means your tables and data will be blown away.</strong>
2018-04-09 22:16:52...Passed DB install check
2018-04-09 22:16:52...WARNING:: no errors detected, but DB tables will be dropped!, issuing warning to user
2018-04-09 22:16:52...End DB Check Process *************
2018-04-09 22:16:54...installerHook: Could not find custom/install/install_hooks.php
2018-04-09 22:17:02...installerHook: Could not find custom/install/install_hooks.php
2018-04-09 22:17:06...installerHook: Could not find custom/install/install_hooks.php
2018-04-09 22:17:08...installerHook: Could not find custom/install/install_hooks.php
2018-04-09 22:17:08...calling handleSugarConfig()
2018-04-09 22:17:08...calling handleLog4Php()
2018-04-09 22:17:08...calling handleHtaccess()
2018-04-09 22:17:08...calling handleDbCharsetCollation()
2018-04-09 22:17:08...looping through all the Beans and create their tables
2018-04-09 22:17:08...processing table acl_actions
2018-04-09 22:17:08...dropping table acl_actions
2018-04-09 22:17:08...creating table acl_actions
2018-04-09 22:17:08...creating Relationship Meta for ACLAction
2018-04-09 22:17:08...processing table acl_roles
2018-04-09 22:17:08...dropping table acl_roles
2018-04-09 22:17:08...creating table acl_roles
2018-04-09 22:17:08...creating Relationship Meta for ACLRole
2018-04-09 22:17:08...processing table relationships
2018-04-09 22:17:08...dropping table relationships
2018-04-09 22:17:08...creating table relationships
2018-04-09 22:17:08...creating Relationship Meta for Relationship
2018-04-09 22:17:08...processing table leads
2018-04-09 22:17:08...dropping table leads
2018-04-09 22:17:08...creating table leads
2018-04-09 22:17:08...creating Relationship Meta for Lead
2018-04-09 22:17:09...processing table cases
2018-04-09 22:17:09...dropping table cases
2018-04-09 22:17:09...creating table cases
2018-04-09 22:17:09...creating Relationship Meta for Case
2018-04-09 22:17:09...processing table bugs
2018-04-09 22:17:09...dropping table bugs
2018-04-09 22:17:09...creating table bugs
2018-04-09 22:17:09...creating Relationship Meta for Bug
2018-04-09 22:17:09...processing table users
2018-04-09 22:17:09...dropping table users
2018-04-09 22:17:09...creating table users
2018-04-09 22:17:09...creating Relationship Meta for User
2018-04-09 22:17:09...processing table campaign_log
2018-04-09 22:17:09...dropping table campaign_log
2018-04-09 22:17:09...creating table campaign_log
2018-04-09 22:17:09...creating Relationship Meta for CampaignLog
2018-04-09 22:17:09...processing table project
2018-04-09 22:17:09...dropping table project
2018-04-09 22:17:09...creating table project
2018-04-09 22:17:09...creating Relationship Meta for Project
2018-04-09 22:17:09...processing table project_task
2018-04-09 22:17:09...dropping table project_task
2018-04-09 22:17:09...creating table project_task
2018-04-09 22:17:09...creating Relationship Meta for ProjectTask
2018-04-09 22:17:09...processing table campaigns
2018-04-09 22:17:09...dropping table campaigns
2018-04-09 22:17:09...creating table campaigns
2018-04-09 22:17:09...creating Relationship Meta for Campaign
2018-04-09 22:17:09...processing table prospect_lists
2018-04-09 22:17:09...dropping table prospect_lists
2018-04-09 22:17:09...creating table prospect_lists
2018-04-09 22:17:09...creating Relationship Meta for ProspectList
2018-04-09 22:17:09...processing table prospects
2018-04-09 22:17:09...dropping table prospects
2018-04-09 22:17:09...creating table prospects
2018-04-09 22:17:09...creating Relationship Meta for Prospect
2018-04-09 22:17:10...processing table email_marketing
2018-04-09 22:17:10...dropping table email_marketing
2018-04-09 22:17:10...creating table email_marketing
2018-04-09 22:17:10...creating Relationship Meta for EmailMarketing
2018-04-09 22:17:10...processing table campaign_trkrs
2018-04-09 22:17:10...dropping table campaign_trkrs
2018-04-09 22:17:10...creating table campaign_trkrs
2018-04-09 22:17:10...creating Relationship Meta for CampaignTracker
2018-04-09 22:17:10...processing table releases
2018-04-09 22:17:10...dropping table releases
2018-04-09 22:17:10...creating table releases
2018-04-09 22:17:10...creating Relationship Meta for Release
2018-04-09 22:17:10...processing table emailman
2018-04-09 22:17:10...dropping table emailman
2018-04-09 22:17:10...creating table emailman
2018-04-09 22:17:10...creating Relationship Meta for EmailMan
2018-04-09 22:17:10...processing table schedulers
2018-04-09 22:17:10...dropping table schedulers
2018-04-09 22:17:10...creating table schedulers
2018-04-09 22:17:10...creating Relationship Meta for Scheduler
2018-04-09 22:17:10...processing table job_queue
2018-04-09 22:17:10...dropping table job_queue
2018-04-09 22:17:10...creating table job_queue
2018-04-09 22:17:10...creating Relationship Meta for SchedulersJob
2018-04-09 22:17:10...processing table contacts
2018-04-09 22:17:10...dropping table contacts
2018-04-09 22:17:10...creating table contacts
2018-04-09 22:17:10...creating Relationship Meta for Contact
2018-04-09 22:17:10...processing table accounts
2018-04-09 22:17:10...dropping table accounts
2018-04-09 22:17:10...creating table accounts
2018-04-09 22:17:10...creating Relationship Meta for Account
2018-04-09 22:17:10...processing table opportunities
2018-04-09 22:17:10...dropping table opportunities
2018-04-09 22:17:10...creating table opportunities
2018-04-09 22:17:10...creating Relationship Meta for Opportunity
2018-04-09 22:17:10...processing table email_templates
2018-04-09 22:17:10...dropping table email_templates
2018-04-09 22:17:10...creating table email_templates
2018-04-09 22:17:10...creating Relationship Meta for EmailTemplate
2018-04-09 22:17:10...processing table notes
2018-04-09 22:17:10...dropping table notes
2018-04-09 22:17:10...creating table notes
2018-04-09 22:17:10...creating Relationship Meta for Note
2018-04-09 22:17:10...processing table calls
2018-04-09 22:17:10...dropping table calls
2018-04-09 22:17:10...creating table calls
2018-04-09 22:17:10...creating Relationship Meta for Call
2018-04-09 22:17:11...processing table emails
2018-04-09 22:17:11...dropping table emails
2018-04-09 22:17:11...creating table emails
2018-04-09 22:17:11...creating Relationship Meta for Email
2018-04-09 22:17:11...processing table meetings
2018-04-09 22:17:11...dropping table meetings
2018-04-09 22:17:11...creating table meetings
2018-04-09 22:17:11...creating Relationship Meta for Meeting
2018-04-09 22:17:11...processing table tasks
2018-04-09 22:17:11...dropping table tasks
2018-04-09 22:17:11...creating table tasks
2018-04-09 22:17:11...creating Relationship Meta for Task
2018-04-09 22:17:11...processing table users
2018-04-09 22:17:11...processing table users
2018-04-09 22:17:11...processing table currencies
2018-04-09 22:17:11...dropping table currencies
2018-04-09 22:17:11...creating table currencies
2018-04-09 22:17:11...creating Relationship Meta for Currency
2018-04-09 22:17:11...processing table tracker
2018-04-09 22:17:11...dropping table tracker
2018-04-09 22:17:11...creating table tracker
2018-04-09 22:17:11...creating Relationship Meta for Tracker
2018-04-09 22:17:11...processing table import_maps
2018-04-09 22:17:11...dropping table import_maps
2018-04-09 22:17:11...creating table import_maps
2018-04-09 22:17:11...creating Relationship Meta for ImportMap
2018-04-09 22:17:11...processing table users_last_import
2018-04-09 22:17:11...dropping table users_last_import
2018-04-09 22:17:11...creating table users_last_import
2018-04-09 22:17:11...creating Relationship Meta for UsersLastImport
2018-04-09 22:17:11...processing table config
2018-04-09 22:17:11...dropping table config
2018-04-09 22:17:11...creating table config
2018-04-09 22:17:11...creating Relationship Meta for Administration
2018-04-09 22:17:11...processing table upgrade_history
2018-04-09 22:17:11...dropping table upgrade_history
2018-04-09 22:17:11...creating table upgrade_history
2018-04-09 22:17:11...creating Relationship Meta for UpgradeHistory
2018-04-09 22:17:11...processing table vcals
2018-04-09 22:17:11...dropping table vcals
2018-04-09 22:17:11...creating table vcals
2018-04-09 22:17:11...creating Relationship Meta for vCal
2018-04-09 22:17:11...processing table versions
2018-04-09 22:17:11...dropping table versions
2018-04-09 22:17:11...creating table versions
2018-04-09 22:17:11...creating Relationship Meta for Version
2018-04-09 22:17:11...processing table roles
2018-04-09 22:17:11...dropping table roles
2018-04-09 22:17:11...creating table roles
2018-04-09 22:17:11...creating Relationship Meta for Role
2018-04-09 22:17:11...processing table documents
2018-04-09 22:17:11...dropping table documents
2018-04-09 22:17:11...creating table documents
2018-04-09 22:17:11...creating Relationship Meta for Document
2018-04-09 22:17:11...processing table document_revisions
2018-04-09 22:17:11...dropping table document_revisions
2018-04-09 22:17:11...creating table document_revisions
2018-04-09 22:17:11...creating Relationship Meta for DocumentRevision
2018-04-09 22:17:11...processing table fields_meta_data
2018-04-09 22:17:11...dropping table fields_meta_data
2018-04-09 22:17:11...creating table fields_meta_data
2018-04-09 22:17:11...creating Relationship Meta for FieldsMetaData
2018-04-09 22:17:11...processing table inbound_email
2018-04-09 22:17:11...dropping table inbound_email
2018-04-09 22:17:11...creating table inbound_email
2018-04-09 22:17:11...creating Relationship Meta for InboundEmail
2018-04-09 22:17:11...processing table saved_search
2018-04-09 22:17:11...dropping table saved_search
2018-04-09 22:17:11...creating table saved_search
2018-04-09 22:17:11...creating Relationship Meta for SavedSearch
2018-04-09 22:17:11...processing table user_preferences
2018-04-09 22:17:11...dropping table user_preferences
2018-04-09 22:17:11...creating table user_preferences
2018-04-09 22:17:11...creating Relationship Meta for UserPreference
2018-04-09 22:17:11...processing table 
2018-04-09 22:17:11...processing table email_addresses
2018-04-09 22:17:11...dropping table email_addresses
2018-04-09 22:17:11...creating table email_addresses
2018-04-09 22:17:11...creating Relationship Meta for EmailAddress
2018-04-09 22:17:11...processing table emails_text
2018-04-09 22:17:11...dropping table emails_text
2018-04-09 22:17:11...creating table emails_text
2018-04-09 22:17:11...creating Relationship Meta for EmailText
2018-04-09 22:17:11...processing table sugarfeed
2018-04-09 22:17:11...dropping table sugarfeed
2018-04-09 22:17:11...creating table sugarfeed
2018-04-09 22:17:11...creating Relationship Meta for SugarFeed
2018-04-09 22:17:11...processing table eapm
2018-04-09 22:17:11...dropping table eapm
2018-04-09 22:17:11...creating table eapm
2018-04-09 22:17:11...creating Relationship Meta for EAPM
2018-04-09 22:17:11...processing table oauth_consumer
2018-04-09 22:17:11...dropping table oauth_consumer
2018-04-09 22:17:11...creating table oauth_consumer
2018-04-09 22:17:11...creating Relationship Meta for OAuthKey
2018-04-09 22:17:11...processing table oauth_tokens
2018-04-09 22:17:11...dropping table oauth_tokens
2018-04-09 22:17:12...creating table oauth_tokens
2018-04-09 22:17:12...creating Relationship Meta for OAuthToken
2018-04-09 22:17:13...Begin creating Defaults
2018-04-09 22:17:13...insert defaults into config table
2018-04-09 22:17:13...Creating default users
2018-04-09 22:17:13...Creating default scheduler jobs
2018-04-09 22:17:13...Enable SugarFeeds
2018-04-09 22:17:13...Enable InsideView Connector
2018-04-09 22:17:13...Creating FTS logic hook
2018-04-09 22:17:13...populating the db with seed data
2018-04-09 22:17:45...Installation has completed *********
2018-04-09 22:17:51...installerHook: Could not find custom/install/install_hooks.php
2018-04-09 22:17:56...installerHook: Could not find custom/install/install_hooks.php